<?xml version="1.0" encoding="UTF-8"?>
<!-- Generated by org.testng.reporters.JUnitReportReporter -->
<testsuite hostname="DESKTOP-7E3L7E1" failures="0" tests="1" name="com.javacodegeeks.examples.junitmavenexample.LaunchFirefox" time="3.747" errors="0" timestamp="2021-09-24T00:21:12 IST" skipped="0">
  <testcase classname="com.javacodegeeks.examples.junitmavenexample.LaunchFirefox" name="launch" time="3.747"/>
  <system-out/>
</testsuite> <!-- com.javacodegeeks.examples.junitmavenexample.LaunchFirefox -->
