<?xml version="1.0" encoding="UTF-8"?>
<!-- Generated by org.testng.reporters.JUnitReportReporter -->
<testsuite hostname="DESKTOP-7E3L7E1" failures="0" tests="1" name="com.javacodegeeks.examples.junitmavenexample.LaunchFirefox" time="7.592" errors="0" timestamp="23 Sep 2021 17:41:26 GMT" skipped="0">
  <testcase classname="com.javacodegeeks.examples.junitmavenexample.LaunchFirefox" name="launch" time="7.592"/>
</testsuite> <!-- com.javacodegeeks.examples.junitmavenexample.LaunchFirefox -->
